0 info it worked if it ends with ok
1 verbose cli [ '/usr/local/bin/node',
1 verbose cli   '/usr/local/bin/npm',
1 verbose cli   'install',
1 verbose cli   '--save',
1 verbose cli   'git://github.com/zefman/Brainwave.git' ]
2 info using npm@3.9.3
3 info using node@v6.2.1
4 silly loadCurrentTree Starting
5 silly install loadCurrentTree
6 silly install readLocalPackageData
7 silly fetchPackageMetaData git://github.com/zefman/Brainwave.git
8 silly fetchOtherPackageData git://github.com/zefman/Brainwave.git
9 silly cache add args [ 'git://github.com/zefman/Brainwave.git', null ]
10 verbose cache add spec git://github.com/zefman/Brainwave.git
11 silly cache add parsed spec Result {
11 silly cache add   raw: 'git://github.com/zefman/Brainwave.git',
11 silly cache add   scope: null,
11 silly cache add   name: null,
11 silly cache add   rawSpec: 'git://github.com/zefman/Brainwave.git',
11 silly cache add   spec: 'git://github.com/zefman/Brainwave.git',
11 silly cache add   type: 'hosted',
11 silly cache add   hosted:
11 silly cache add    { type: 'github',
11 silly cache add      ssh: 'git@github.com:zefman/Brainwave.git',
11 silly cache add      sshUrl: 'git+ssh://git@github.com/zefman/Brainwave.git',
11 silly cache add      httpsUrl: 'git+https://github.com/zefman/Brainwave.git',
11 silly cache add      gitUrl: 'git://github.com/zefman/Brainwave.git',
11 silly cache add      shortcut: 'github:zefman/Brainwave',
11 silly cache add      directUrl: 'https://raw.githubusercontent.com/zefman/Brainwave/master/package.json' } }
12 verbose addRemoteGit caching git://github.com/zefman/Brainwave.git
13 verbose addRemoteGit git://github.com/zefman/Brainwave.git is a repository hosted by github
14 silly tryClone cloning git://github.com/zefman/Brainwave.git via git://github.com/zefman/Brainwave.git
15 verbose tryClone git-github-com-zefman-Brainwave-git-2a48cf40 not in flight; caching
16 verbose correctMkdir /home/fliife/.npm/_git-remotes correctMkdir not in flight; initializing
17 info git [ 'clone',
17 info git   '--template=/home/fliife/.npm/_git-remotes/_templates',
17 info git   '--mirror',
17 info git   'git://github.com/zefman/Brainwave.git',
17 info git   '/home/fliife/.npm/_git-remotes/git-github-com-zefman-Brainwave-git-2a48cf40' ]
18 verbose mirrorRemote git://github.com/zefman/Brainwave.git git clone git://github.com/zefman/Brainwave.git
19 verbose correctMkdir /home/fliife/.npm/_git-remotes correctMkdir not in flight; initializing
20 verbose setPermissions git://github.com/zefman/Brainwave.git set permissions on /home/fliife/.npm/_git-remotes/git-github-com-zefman-Brainwave-git-2a48cf40
21 verbose resolveHead git://github.com/zefman/Brainwave.git original treeish: master
22 info git [ 'rev-list', '-n1', 'master' ]
23 silly resolveHead git://github.com/zefman/Brainwave.git resolved treeish: eb55464dc25643c261ced9768465aa90ea7e471c
24 verbose resolveHead git://github.com/zefman/Brainwave.git resolved Git URL: git://github.com/zefman/Brainwave.git#eb55464dc25643c261ced9768465aa90ea7e471c
25 silly resolveHead Git working directory: /tmp/npm-4962-a5ebe755/git-cache-89c9533c/eb55464dc25643c261ced9768465aa90ea7e471c
26 info git [ 'clone',
26 info git   '/home/fliife/.npm/_git-remotes/git-github-com-zefman-Brainwave-git-2a48cf40',
26 info git   '/tmp/npm-4962-a5ebe755/git-cache-89c9533c/eb55464dc25643c261ced9768465aa90ea7e471c' ]
27 verbose cloneResolved git://github.com/zefman/Brainwave.git clone Clonage dans '/tmp/npm-4962-a5ebe755/git-cache-89c9533c/eb55464dc25643c261ced9768465aa90ea7e471c'...
27 verbose cloneResolved fait.
28 info git [ 'checkout', 'eb55464dc25643c261ced9768465aa90ea7e471c' ]
29 verbose checkoutTreeish git://github.com/zefman/Brainwave.git checkout Note: checking out 'eb55464dc25643c261ced9768465aa90ea7e471c'.
29 verbose checkoutTreeish
29 verbose checkoutTreeish You are in 'detached HEAD' state. You can look around, make experimental
29 verbose checkoutTreeish changes and commit them, and you can discard any commits you make in this
29 verbose checkoutTreeish state without impacting any branches by performing another checkout.
29 verbose checkoutTreeish
29 verbose checkoutTreeish If you want to create a new branch to retain commits you create, you may
29 verbose checkoutTreeish do so (now or later) by using -b with the checkout command again. Example:
29 verbose checkoutTreeish
29 verbose checkoutTreeish   git checkout -b <new-branch-name>
29 verbose checkoutTreeish
29 verbose checkoutTreeish HEAD est maintenant sur eb55464... Updated the read me
30 info git [ 'submodule', '-q', 'update', '--init', '--recursive' ]
31 verbose updateSubmodules git://github.com/zefman/Brainwave.git submodule update
32 error addLocal Could not install /tmp/npm-4962-a5ebe755/git-cache-89c9533c/eb55464dc25643c261ced9768465aa90ea7e471c
33 silly fetchPackageMetaData Error: EISDIR: illegal operation on a directory, read
33 silly fetchPackageMetaData     at Error (native)
33 silly fetchPackageMetaData  error for git://github.com/zefman/Brainwave.git { Error: EISDIR: illegal operation on a directory, read
33 silly fetchPackageMetaData     at Error (native) errno: -21, code: 'EISDIR', syscall: 'read' }
34 silly rollbackFailedOptional Starting
35 silly rollbackFailedOptional Finishing
36 silly runTopLevelLifecycles Starting
37 silly runTopLevelLifecycles Finishing
38 silly install printInstalled
39 verbose stack Error: EISDIR: illegal operation on a directory, read
39 verbose stack     at Error (native)
40 verbose cwd /home/fliife/2048
41 error Linux 4.4.0-22-generic
42 error argv "/usr/local/bin/node" "/usr/local/bin/npm" "install" "--save" "git://github.com/zefman/Brainwave.git"
43 error node v6.2.1
44 error npm  v3.9.3
45 error code EISDIR
46 error errno -21
47 error syscall read
48 error eisdir EISDIR: illegal operation on a directory, read
49 error eisdir This is most likely not a problem with npm itself
49 error eisdir and is related to npm not being able to find a package.json in
49 error eisdir a package you are trying to install.
50 verbose exit [ -21, true ]
